# JRE version: OpenJDK Runtime Environment (8.0_282-b08) (build 1.8.0_282-b08)
# Java VM: OpenJDK 64-Bit Server VM (25.282-b08 mixed mode linux-amd64 compressed oops)
Heap:
 PSYoungGen      total 129024K, used 2711K [0x00000000eab00000, 0x00000000f3400000, 0x0000000100000000)
  eden space 118272K, 0% used [0x00000000eab00000,0x00000000eab00000,0x00000000f1e80000)
  from space 10752K, 25% used [0x00000000f1e80000,0x00000000f2125f58,0x00000000f2900000)
  to   space 9728K, 0% used [0x00000000f2900000,0x00000000f2900000,0x00000000f3280000)
 ParOldGen       total 45056K, used 18948K [0x00000000c0000000, 0x00000000c2c00000, 0x00000000eab00000)
  object space 45056K, 42% used [0x00000000c0000000,0x00000000c1281100,0x00000000c2c00000)
 Metaspace       used 49800K, capacity 50272K, committed 50392K, reserved 1091584K
  class space    used 7153K, capacity 7285K, committed 7384K, reserved 1048576K
GC Heap History (29 events):
Event: 4.148 GC heap before
{Heap before GC invocations=1 (full 0):
 PSYoungGen      total 18432K, used 15872K [0x00000000eab00000, 0x00000000ebf80000, 0x0000000100000000)
  eden space 15872K, 100% used [0x00000000eab00000,0x00000000eba80000,0x00000000eba80000)
  from space 2560K, 0% used [0x00000000ebd00000,0x00000000ebd00000,0x00000000ebf80000)
  to   space 2560K, 0% used [0x00000000eba80000,0x00000000eba80000,0x00000000ebd00000)
 ParOldGen       total 42496K, used 0K [0x00000000c0000000, 0x00000000c2980000, 0x00000000eab00000)
  object space 42496K, 0% used [0x00000000c0000000,0x00000000c0000000,0x00000000c2980000)
 Metaspace       used 4992K, capacity 5944K, committed 6016K, reserved 1056768K
  class space    used 552K, capacity 616K, committed 640K, reserved 1048576K
Event: 4.169 GC heap after
Heap after GC invocations=1 (full 0):
 PSYoungGen      total 18432K, used 2555K [0x00000000eab00000, 0x00000000ebf80000, 0x0000000100000000)
  eden space 15872K, 0% used [0x00000000eab00000,0x00000000eab00000,0x00000000eba80000)
  from space 2560K, 99% used [0x00000000eba80000,0x00000000ebcfeca0,0x00000000ebd00000)
  to   space 2560K, 0% used [0x00000000ebd00000,0x00000000ebd00000,0x00000000ebf80000)
 ParOldGen       total 42496K, used 466K [0x00000000c0000000, 0x00000000c2980000, 0x00000000eab00000)
  object space 42496K, 1% used [0x00000000c0000000,0x00000000c0074a60,0x00000000c2980000)
 Metaspace       used 4992K, capacity 5944K, committed 6016K, reserved 1056768K
  class space    used 552K, capacity 616K, committed 640K, reserved 1048576K
}
Event: 7.357 GC heap before
{Heap before GC invocations=2 (full 0):
 PSYoungGen      total 18432K, used 18427K [0x00000000eab00000, 0x00000000ebf80000, 0x0000000100000000)
  eden space 15872K, 100% used [0x00000000eab00000,0x00000000eba80000,0x00000000eba80000)
  from space 2560K, 99% used [0x00000000eba80000,0x00000000ebcfeca0,0x00000000ebd00000)
  to   space 2560K, 0% used [0x00000000ebd00000,0x00000000ebd00000,0x00000000ebf80000)
 ParOldGen       total 42496K, used 466K [0x00000000c0000000, 0x00000000c2980000, 0x00000000eab00000)
  object space 42496K, 1% used [0x00000000c0000000,0x00000000c0074a60,0x00000000c2980000)
 Metaspace       used 9333K, capacity 9440K, committed 9600K, reserved 1056768K
  class space    used 1246K, capacity 1296K, committed 1408K, reserved 1048576K
Event: 7.363 GC heap after
Heap after GC invocations=2 (full 0):
 PSYoungGen      total 18432K, used 2556K [0x00000000eab00000, 0x00000000ebf80000, 0x0000000100000000)
  eden space 15872K, 0% used [0x00000000eab00000,0x00000000eab00000,0x00000000eba80000)
  from space 2560K, 99% used [0x00000000ebd00000,0x00000000ebf7f310,0x00000000ebf80000)
  to   space 2560K, 0% used [0x00000000eba80000,0x00000000eba80000,0x00000000ebd00000)
 ParOldGen       total 42496K, used 1576K [0x00000000c0000000, 0x00000000c2980000, 0x00000000eab00000)
  object space 42496K, 3% used [0x00000000c0000000,0x00000000c018a270,0x00000000c2980000)
 Metaspace       used 9333K, capacity 9440K, committed 9600K, reserved 1056768K
  class space    used 1246K, capacity 1296K, committed 1408K, reserved 1048576K
}
Event: 8.771 GC heap before
{Heap before GC invocations=3 (full 0):
 PSYoungGen      total 18432K, used 18428K [0x00000000eab00000, 0x00000000ebf80000, 0x0000000100000000)
  eden space 15872K, 100% used [0x00000000eab00000,0x00000000eba80000,0x00000000eba80000)
  from space 2560K, 99% used [0x00000000ebd00000,0x00000000ebf7f310,0x00000000ebf80000)
  to   space 2560K, 0% used [0x00000000eba80000,0x00000000eba80000,0x00000000ebd00000)
 ParOldGen       total 42496K, used 1576K [0x00000000c0000000, 0x00000000c2980000, 0x00000000eab00000)
  object space 42496K, 3% used [0x00000000c0000000,0x00000000c018a270,0x00000000c2980000)
 Metaspace       used 11359K, capacity 11456K, committed 11648K, reserved 1058816K
  class space    used 1555K, capacity 1584K, committed 1664K, reserved 1048576K
Event: 8.800 GC heap after
Heap after GC invocations=3 (full 0):
 PSYoungGen      total 18432K, used 2557K [0x00000000eab00000, 0x00000000ebf80000, 0x0000000100000000)
  eden space 15872K, 0% used [0x00000000eab00000,0x00000000eab00000,0x00000000eba80000)
  from space 2560K, 99% used [0x00000000eba80000,0x00000000ebcff7e0,0x00000000ebd00000)
  to   space 2560K, 0% used [0x00000000ebd00000,0x00000000ebd00000,0x00000000ebf80000)
 ParOldGen       total 42496K, used 2734K [0x00000000c0000000, 0x00000000c2980000, 0x00000000eab00000)
  object space 42496K, 6% used [0x00000000c0000000,0x00000000c02ab888,0x00000000c2980000)
 Metaspace       used 11359K, capacity 11456K, committed 11648K, reserved 1058816K
  class space    used 1555K, capacity 1584K, committed 1664K, reserved 1048576K
}
Event: 10.095 GC heap before
{Heap before GC invocations=4 (full 0):
 PSYoungGen      total 18432K, used 18429K [0x00000000eab00000, 0x00000000ebf80000, 0x0000000100000000)
  eden space 15872K, 100% used [0x00000000eab00000,0x00000000eba80000,0x00000000eba80000)
  from space 2560K, 99% used [0x00000000eba80000,0x00000000ebcff7e0,0x00000000ebd00000)
  to   space 2560K, 0% used [0x00000000ebd00000,0x00000000ebd00000,0x00000000ebf80000)
 ParOldGen       total 42496K, used 2734K [0x00000000c0000000, 0x00000000c2980000, 0x00000000eab00000)
  object space 42496K, 6% used [0x00000000c0000000,0x00000000c02ab888,0x00000000c2980000)
 Metaspace       used 13102K, capacity 13216K, committed 13440K, reserved 1060864K
  class space    used 1863K, capacity 1872K, committed 1920K, reserved 1048576K
Event: 10.138 GC heap after
Heap after GC invocations=4 (full 0):
 PSYoungGen      total 18432K, used 2535K [0x00000000eab00000, 0x00000000ecf00000, 0x0000000100000000)
  eden space 15872K, 0% used [0x00000000eab00000,0x00000000eab00000,0x00000000eba80000)
  from space 2560K, 99% used [0x00000000ebd00000,0x00000000ebf79f48,0x00000000ebf80000)
  to   space 2560K, 0% used [0x00000000eba80000,0x00000000eba80000,0x00000000ebd00000)
 ParOldGen       total 42496K, used 3839K [0x00000000c0000000, 0x00000000c2980000, 0x00000000eab00000)
  object space 42496K, 9% used [0x00000000c0000000,0x00000000c03bfc60,0x00000000c2980000)
 Metaspace       used 13102K, capacity 13216K, committed 13440K, reserved 1060864K
  class space    used 1863K, capacity 1872K, committed 1920K, reserved 1048576K
}
Event: 11.332 GC heap before
{Heap before GC invocations=5 (full 0):
 PSYoungGen      total 18432K, used 18407K [0x00000000eab00000, 0x00000000ecf00000, 0x0000000100000000)
  eden space 15872K, 100% used [0x00000000eab00000,0x00000000eba80000,0x00000000eba80000)
  from space 2560K, 99% used [0x00000000ebd00000,0x00000000ebf79f48,0x00000000ebf80000)
  to   space 2560K, 0% used [0x00000000eba80000,0x00000000eba80000,0x00000000ebd00000)
 ParOldGen       total 42496K, used 3839K [0x00000000c0000000, 0x00000000c2980000, 0x00000000eab00000)
  object space 42496K, 9% used [0x00000000c0000000,0x00000000c03bfc60,0x00000000c2980000)
 Metaspace       used 14582K, capacity 14688K, committed 14976K, reserved 1062912K
  class space    used 2076K, capacity 2128K, committed 2176K, reserved 1048576K
Event: 11.391 GC heap after
Heap after GC invocations=5 (full 0):
 PSYoungGen      total 18432K, used 2558K [0x00000000eab00000, 0x00000000ed200000, 0x0000000100000000)
  eden space 15872K, 0% used [0x00000000eab00000,0x00000000eab00000,0x00000000eba80000)
  from space 2560K, 99% used [0x00000000eba80000,0x00000000ebcffa38,0x00000000ebd00000)
  to   space 4096K, 0% used [0x00000000ece00000,0x00000000ece00000,0x00000000ed200000)
 ParOldGen       total 42496K, used 4940K [0x00000000c0000000, 0x00000000c2980000, 0x00000000eab00000)
  object space 42496K, 11% used [0x00000000c0000000,0x00000000c04d3260,0x00000000c2980000)
 Metaspace       used 14582K, capacity 14688K, committed 14976K, reserved 1062912K
  class space    used 2076K, capacity 2128K, committed 2176K, reserved 1048576K
}
Event: 13.342 GC heap before
{Heap before GC invocations=6 (full 0):
 PSYoungGen      total 18432K, used 18430K [0x00000000eab00000, 0x00000000ed200000, 0x0000000100000000)
  eden space 15872K, 100% used [0x00000000eab00000,0x00000000eba80000,0x00000000eba80000)
  from space 2560K, 99% used [0x00000000eba80000,0x00000000ebcffa38,0x00000000ebd00000)
  to   space 4096K, 0% used [0x00000000ece00000,0x00000000ece00000,0x00000000ed200000)
 ParOldGen       total 42496K, used 4940K [0x00000000c0000000, 0x00000000c2980000, 0x00000000eab00000)
  object space 42496K, 11% used [0x00000000c0000000,0x00000000c04d3260,0x00000000c2980000)
 Metaspace       used 16864K, capacity 17056K, committed 17280K, reserved 1064960K
  class space    used 2328K, capacity 2404K, committed 2432K, reserved 1048576K
Event: 13.395 GC heap after
Heap after GC invocations=6 (full 0):
 PSYoungGen      total 35328K, used 3824K [0x00000000eab00000, 0x00000000ed300000, 0x0000000100000000)
  eden space 31232K, 0% used [0x00000000eab00000,0x00000000eab00000,0x00000000ec980000)
  from space 4096K, 93% used [0x00000000ece00000,0x00000000ed1bc2f0,0x00000000ed200000)
  to   space 4608K, 0% used [0x00000000ec980000,0x00000000ec980000,0x00000000ece00000)
 ParOldGen       total 42496K, used 4940K [0x00000000c0000000, 0x00000000c2980000, 0x00000000eab00000)
  object space 42496K, 11% used [0x00000000c0000000,0x00000000c04d3260,0x00000000c2980000)
 Metaspace       used 16864K, capacity 17056K, committed 17280K, reserved 1064960K
  class space    used 2328K, capacity 2404K, committed 2432K, reserved 1048576K
}
Event: 19.795 GC heap before
{Heap before GC invocations=7 (full 0):
 PSYoungGen      total 35328K, used 35056K [0x00000000eab00000, 0x00000000ed300000, 0x0000000100000000)
  eden space 31232K, 100% used [0x00000000eab00000,0x00000000ec980000,0x00000000ec980000)
  from space 4096K, 93% used [0x00000000ece00000,0x00000000ed1bc2f0,0x00000000ed200000)
  to   space 4608K, 0% used [0x00000000ec980000,0x00000000ec980000,0x00000000ece00000)
 ParOldGen       total 42496K, used 4940K [0x00000000c0000000, 0x00000000c2980000, 0x00000000eab00000)
  object space 42496K, 11% used [0x00000000c0000000,0x00000000c04d3260,0x00000000c2980000)
 Metaspace       used 20432K, capacity 20640K, committed 20864K, reserved 1067008K
  class space    used 2830K, capacity 2916K, committed 2944K, reserved 1048576K
Event: 19.943 GC heap after
Heap after GC invocations=7 (full 0):
 PSYoungGen      total 35840K, used 4541K [0x00000000eab00000, 0x00000000ef100000, 0x0000000100000000)
  eden space 31232K, 0% used [0x00000000eab00000,0x00000000eab00000,0x00000000ec980000)
  from space 4608K, 98% used [0x00000000ec980000,0x00000000ecdef650,0x00000000ece00000)
  to   space 4608K, 0% used [0x00000000eec80000,0x00000000eec80000,0x00000000ef100000)
 ParOldGen       total 42496K, used 6593K [0x00000000c0000000, 0x00000000c2980000, 0x00000000eab00000)
  object space 42496K, 15% used [0x00000000c0000000,0x00000000c06704e8,0x00000000c2980000)
 Metaspace       used 20432K, capacity 20640K, committed 20864K, reserved 1067008K
  class space    used 2830K, capacity 2916K, committed 2944K, reserved 1048576K
}
Event: 20.494 GC heap before
{Heap before GC invocations=8 (full 0):
 PSYoungGen      total 35840K, used 8443K [0x00000000eab00000, 0x00000000ef100000, 0x0000000100000000)
  eden space 31232K, 12% used [0x00000000eab00000,0x00000000eaecf6d8,0x00000000ec980000)
  from space 4608K, 98% used [0x00000000ec980000,0x00000000ecdef650,0x00000000ece00000)
  to   space 4608K, 0% used [0x00000000eec80000,0x00000000eec80000,0x00000000ef100000)
 ParOldGen       total 42496K, used 6593K [0x00000000c0000000, 0x00000000c2980000, 0x00000000eab00000)
  object space 42496K, 15% used [0x00000000c0000000,0x00000000c06704e8,0x00000000c2980000)
 Metaspace       used 20941K, capacity 21088K, committed 21248K, reserved 1067008K
  class space    used 2913K, capacity 2980K, committed 3072K, reserved 1048576K
Event: 20.574 GC heap after
Heap after GC invocations=8 (full 0):
 PSYoungGen      total 66560K, used 1920K [0x00000000eab00000, 0x00000000ef200000, 0x0000000100000000)
  eden space 61952K, 0% used [0x00000000eab00000,0x00000000eab00000,0x00000000ee780000)
  from space 4608K, 41% used [0x00000000eec80000,0x00000000eee60078,0x00000000ef100000)
  to   space 5120K, 0% used [0x00000000ee780000,0x00000000ee780000,0x00000000eec80000)
 ParOldGen       total 42496K, used 7012K [0x00000000c0000000, 0x00000000c2980000, 0x00000000eab00000)
  object space 42496K, 16% used [0x00000000c0000000,0x00000000c06d9248,0x00000000c2980000)
 Metaspace       used 20941K, capacity 21088K, committed 21248K, reserved 1067008K
  class space    used 2913K, capacity 2980K, committed 3072K, reserved 1048576K
}
Event: 20.574 GC heap before
{Heap before GC invocations=9 (full 1):
 PSYoungGen      total 66560K, used 1920K [0x00000000eab00000, 0x00000000ef200000, 0x0000000100000000)
  eden space 61952K, 0% used [0x00000000eab00000,0x00000000eab00000,0x00000000ee780000)
  from space 4608K, 41% used [0x00000000eec80000,0x00000000eee60078,0x00000000ef100000)
  to   space 5120K, 0% used [0x00000000ee780000,0x00000000ee780000,0x00000000eec80000)
 ParOldGen       total 42496K, used 7012K [0x00000000c0000000, 0x00000000c2980000, 0x00000000eab00000)
  object space 42496K, 16% used [0x00000000c0000000,0x00000000c06d9248,0x00000000c2980000)
 Metaspace       used 20941K, capacity 21088K, committed 21248K, reserved 1067008K
  class space    used 2913K, capacity 2980K, committed 3072K, reserved 1048576K
Event: 20.841 GC heap after
Heap after GC invocations=9 (full 1):
 PSYoungGen      total 66560K, used 0K [0x00000000eab00000, 0x00000000ef200000, 0x0000000100000000)
  eden space 61952K, 0% used [0x00000000eab00000,0x00000000eab00000,0x00000000ee780000)
  from space 4608K, 0% used [0x00000000eec80000,0x00000000eec80000,0x00000000ef100000)
  to   space 5120K, 0% used [0x00000000ee780000,0x00000000ee780000,0x00000000eec80000)
 ParOldGen       total 25600K, used 3981K [0x00000000c0000000, 0x00000000c1900000, 0x00000000eab00000)
  object space 25600K, 15% used [0x00000000c0000000,0x00000000c03e3430,0x00000000c1900000)
 Metaspace       used 20941K, capacity 21088K, committed 21248K, reserved 1067008K
  class space    used 2913K, capacity 2980K, committed 3072K, reserved 1048576K
}
Event: 30.011 GC heap before
{Heap before GC invocations=10 (full 1):
 PSYoungGen      total 66560K, used 61952K [0x00000000eab00000, 0x00000000ef200000, 0x0000000100000000)
  eden space 61952K, 100% used [0x00000000eab00000,0x00000000ee780000,0x00000000ee780000)
  from space 4608K, 0% used [0x00000000eec80000,0x00000000eec80000,0x00000000ef100000)
  to   space 5120K, 0% used [0x00000000ee780000,0x00000000ee780000,0x00000000eec80000)
 ParOldGen       total 25600K, used 3981K [0x00000000c0000000, 0x00000000c1900000, 0x00000000eab00000)
  object space 25600K, 15% used [0x00000000c0000000,0x00000000c03e3430,0x00000000c1900000)
 Metaspace       used 27309K, capacity 27528K, committed 27776K, reserved 1073152K
  class space    used 3849K, capacity 3924K, committed 3968K, reserved 1048576K
Event: 30.074 GC heap after
Heap after GC invocations=10 (full 1):
 PSYoungGen      total 67072K, used 5109K [0x00000000eab00000, 0x00000000f0f00000, 0x0000000100000000)
  eden space 61952K, 0% used [0x00000000eab00000,0x00000000eab00000,0x00000000ee780000)
  from space 5120K, 99% used [0x00000000ee780000,0x00000000eec7d640,0x00000000eec80000)
  to   space 6144K, 0% used [0x00000000f0900000,0x00000000f0900000,0x00000000f0f00000)
 ParOldGen       total 25600K, used 5839K [0x00000000c0000000, 0x00000000c1900000, 0x00000000eab00000)
  object space 25600K, 22% used [0x00000000c0000000,0x00000000c05b3e18,0x00000000c1900000)
 Metaspace       used 27309K, capacity 27528K, committed 27776K, reserved 1073152K
  class space    used 3849K, capacity 3924K, committed 3968K, reserved 1048576K
}
Event: 39.758 GC heap before
{Heap before GC invocations=11 (full 1):
 PSYoungGen      total 67072K, used 67061K [0x00000000eab00000, 0x00000000f0f00000, 0x0000000100000000)
  eden space 61952K, 100% used [0x00000000eab00000,0x00000000ee780000,0x00000000ee780000)
  from space 5120K, 99% used [0x00000000ee780000,0x00000000eec7d640,0x00000000eec80000)
  to   space 6144K, 0% used [0x00000000f0900000,0x00000000f0900000,0x00000000f0f00000)
 ParOldGen       total 25600K, used 5839K [0x00000000c0000000, 0x00000000c1900000, 0x00000000eab00000)
  object space 25600K, 22% used [0x00000000c0000000,0x00000000c05b3e18,0x00000000c1900000)
 Metaspace       used 34944K, capacity 35158K, committed 35416K, reserved 1079296K
  class space    used 4812K, capacity 4887K, committed 4952K, reserved 1048576K
Event: 39.866 GC heap after
Heap after GC invocations=11 (full 1):
 PSYoungGen      total 93184K, used 6122K [0x00000000eab00000, 0x00000000f1380000, 0x0000000100000000)
  eden space 87040K, 0% used [0x00000000eab00000,0x00000000eab00000,0x00000000f0000000)
  from space 6144K, 99% used [0x00000000f0900000,0x00000000f0efa8a8,0x00000000f0f00000)
  to   space 9216K, 0% used [0x00000000f0000000,0x00000000f0000000,0x00000000f0900000)
 ParOldGen       total 25600K, used 11516K [0x00000000c0000000, 0x00000000c1900000, 0x00000000eab00000)
  object space 25600K, 44% used [0x00000000c0000000,0x00000000c0b3f0f8,0x00000000c1900000)
 Metaspace       used 34944K, capacity 35158K, committed 35416K, reserved 1079296K
  class space    used 4812K, capacity 4887K, committed 4952K, reserved 1048576K
}
Event: 39.866 GC heap before
{Heap before GC invocations=12 (full 2):
 PSYoungGen      total 93184K, used 6122K [0x00000000eab00000, 0x00000000f1380000, 0x0000000100000000)
  eden space 87040K, 0% used [0x00000000eab00000,0x00000000eab00000,0x00000000f0000000)
  from space 6144K, 99% used [0x00000000f0900000,0x00000000f0efa8a8,0x00000000f0f00000)
  to   space 9216K, 0% used [0x00000000f0000000,0x00000000f0000000,0x00000000f0900000)
 ParOldGen       total 25600K, used 11516K [0x00000000c0000000, 0x00000000c1900000, 0x00000000eab00000)
  object space 25600K, 44% used [0x00000000c0000000,0x00000000c0b3f0f8,0x00000000c1900000)
 Metaspace       used 34944K, capacity 35158K, committed 35416K, reserved 1079296K
  class space    used 4812K, capacity 4887K, committed 4952K, reserved 1048576K
Event: 40.193 GC heap after
Heap after GC invocations=12 (full 2):
 PSYoungGen      total 93184K, used 0K [0x00000000eab00000, 0x00000000f1380000, 0x0000000100000000)
  eden space 87040K, 0% used [0x00000000eab00000,0x00000000eab00000,0x00000000f0000000)
  from space 6144K, 0% used [0x00000000f0900000,0x00000000f0900000,0x00000000f0f00000)
  to   space 9216K, 0% used [0x00000000f0000000,0x00000000f0000000,0x00000000f0900000)
 ParOldGen       total 45056K, used 14984K [0x00000000c0000000, 0x00000000c2c00000, 0x00000000eab00000)
  object space 45056K, 33% used [0x00000000c0000000,0x00000000c0ea2180,0x00000000c2c00000)
 Metaspace       used 34944K, capacity 35158K, committed 35416K, reserved 1079296K
  class space    used 4812K, capacity 4887K, committed 4952K, reserved 1048576K
}
Event: 577.919 GC heap before
{Heap before GC invocations=13 (full 2):
 PSYoungGen      total 93184K, used 87040K [0x00000000eab00000, 0x00000000f1380000, 0x0000000100000000)
  eden space 87040K, 100% used [0x00000000eab00000,0x00000000f0000000,0x00000000f0000000)
  from space 6144K, 0% used [0x00000000f0900000,0x00000000f0900000,0x00000000f0f00000)
  to   space 9216K, 0% used [0x00000000f0000000,0x00000000f0000000,0x00000000f0900000)
 ParOldGen       total 45056K, used 14984K [0x00000000c0000000, 0x00000000c2c00000, 0x00000000eab00000)
  object space 45056K, 33% used [0x00000000c0000000,0x00000000c0ea2180,0x00000000c2c00000)
 Metaspace       used 40525K, capacity 40758K, committed 41176K, reserved 1085440K
  class space    used 5682K, capacity 5751K, committed 5848K, reserved 1048576K
Event: 578.020 GC heap after
Heap after GC invocations=13 (full 2):
 PSYoungGen      total 96256K, used 7337K [0x00000000eab00000, 0x00000000f3280000, 0x0000000100000000)
  eden space 87040K, 0% used [0x00000000eab00000,0x00000000eab00000,0x00000000f0000000)
  from space 9216K, 79% used [0x00000000f0000000,0x00000000f072a4c8,0x00000000f0900000)
  to   space 9728K, 0% used [0x00000000f2900000,0x00000000f2900000,0x00000000f3280000)
 ParOldGen       total 45056K, used 14992K [0x00000000c0000000, 0x00000000c2c00000, 0x00000000eab00000)
  object space 45056K, 33% used [0x00000000c0000000,0x00000000c0ea4180,0x00000000c2c00000)
 Metaspace       used 40525K, capacity 40758K, committed 41176K, reserved 1085440K
  class space    used 5682K, capacity 5751K, committed 5848K, reserved 1048576K
}
Event: 588.032 GC heap before
{Heap before GC invocations=14 (full 2):
 PSYoungGen      total 96256K, used 94377K [0x00000000eab00000, 0x00000000f3280000, 0x0000000100000000)
  eden space 87040K, 100% used [0x00000000eab00000,0x00000000f0000000,0x00000000f0000000)
  from space 9216K, 79% used [0x00000000f0000000,0x00000000f072a4c8,0x00000000f0900000)
  to   space 9728K, 0% used [0x00000000f2900000,0x00000000f2900000,0x00000000f3280000)
 ParOldGen       total 45056K, used 14992K [0x00000000c0000000, 0x00000000c2c00000, 0x00000000eab00000)
  object space 45056K, 33% used [0x00000000c0000000,0x00000000c0ea4180,0x00000000c2c00000)
 Metaspace       used 48288K, capacity 48726K, committed 48856K, reserved 1091584K
  class space    used 6929K, capacity 7054K, committed 7128K, reserved 1048576K
Event: 588.222 GC heap after
Heap after GC invocations=14 (full 2):
 PSYoungGen      total 128000K, used 8649K [0x00000000eab00000, 0x00000000f3400000, 0x0000000100000000)
  eden space 118272K, 0% used [0x00000000eab00000,0x00000000eab00000,0x00000000f1e80000)
  from space 9728K, 88% used [0x00000000f2900000,0x00000000f3172448,0x00000000f3280000)
  to   space 10752K, 0% used [0x00000000f1e80000,0x00000000f1e80000,0x00000000f2900000)
 ParOldGen       total 45056K, used 16500K [0x00000000c0000000, 0x00000000c2c00000, 0x00000000eab00000)
  object space 45056K, 36% used [0x00000000c0000000,0x00000000c101d108,0x00000000c2c00000)
 Metaspace       used 48288K, capacity 48726K, committed 48856K, reserved 1091584K
  class space    used 6929K, capacity 7054K, committed 7128K, reserved 1048576K
}
Event: 599.438 GC heap before
{Heap before GC invocations=15 (full 2):
 PSYoungGen      total 128000K, used 126921K [0x00000000eab00000, 0x00000000f3400000, 0x0000000100000000)
  eden space 118272K, 100% used [0x00000000eab00000,0x00000000f1e80000,0x00000000f1e80000)
  from space 9728K, 88% used [0x00000000f2900000,0x00000000f3172448,0x00000000f3280000)
  to   space 10752K, 0% used [0x00000000f1e80000,0x00000000f1e80000,0x00000000f2900000)
 ParOldGen       total 45056K, used 16500K [0x00000000c0000000, 0x00000000c2c00000, 0x00000000eab00000)
  object space 45056K, 36% used [0x00000000c0000000,0x00000000c101d108,0x00000000c2c00000)
 Metaspace       used 49800K, capacity 50272K, committed 50392K, reserved 1091584K
  class space    used 7153K, capacity 7285K, committed 7384K, reserved 1048576K

